Apr  7 22:20 Khaine added to adjectives: purple and pink.
Apr 12 15:38 Someone added to adjectives: magical.
Apr 12 15:39 Someone removed: light.
Apr 12 15:39 Someone added to adjectives: small and bottomless.
Apr 12 15:39 Someone added to adjectives: mid.
Apr 12 15:40 Someone added to unwanted: beneath, set, hovers, illuminating and constructed.
Apr 12 15:41 Someone added to unwanted: upon.
Apr 12 15:41 Someone added to adjectives: entire.
Apr 16 16:26 Shauni added to unwanted: must and doesn.
Apr 16 16:50 Shauni added to unwanted: reading.
Apr 16 17:43 Shauni added to unwanted: d.
Apr 16 17:44 Shauni added to unwanted: actually, go, luckily, completely, slightly, strangely, relatively, neatly, fully, softly and recently.
Apr 16 18:11 Khaine added to unwanted: utterly.
Apr 16 18:12 Khaine added to unwanted: standing and feeling.
Apr 16 18:12 Khaine added to adjectives: chilly and sickening.
Apr 16 18:13 Khaine added to adjectives: sheer.
Apr 16 18:15 Shauni added to adjectives: lovely.
Apr 16 18:15 Shauni added to unwanted: tremendously.
Apr 16 18:17 Shauni added to unwanted: anything.
Apr 16 18:19 Shauni added to adjectives: sitting, shining, interesting, frightening, sneaking, hypnotizing, scaring, towering, appetizing, rocking, appealing and inviting.
Apr 16 18:20 Shauni added to unwanted: everything.
Apr 16 18:26 Shauni added to adjectives: beautiful.
Apr 16 18:27 Shauni added to adjectives: fearfull.
Apr 17 22:46 Shauni added to unwanted: hardly, covering, leading and grasping.
Apr 17 22:47 Shauni added to adjectives: howling.
Apr 17 22:47 Shauni added to unwanted: soaking.
Apr 18 23:01 Shauni added to adjectives: long, thick, unbelievable, plenty and your.
Apr 18 23:01 Shauni removed: unbelievable, plenty and your.
Apr 18 23:02 Shauni added to unwanted: plenty and your.
Apr 18 23:02 Shauni added to unwanted: unbelievable.
Apr 18 23:02 Shauni added to adjectives: wet.
Apr 18 23:04 Shauni added to adjectives: cold.
Apr 18 23:04 Shauni added to adjectives: hot.
Apr 18 23:05 Shauni added to unwanted: around, continue and covers.
Apr 18 23:05 Shauni added to adjectives: deepest.
Apr 18 23:06 Shauni added to adjectives: walkable.
Apr 18 23:06 Shauni added to unwanted: far.
Apr 18 23:07 Shauni added to adjectives: southern, northern, western and eastern.
Apr 18 23:08 Shauni added to adjectives: bizarre and incredible.
Apr 18 23:08 Shauni added to unwanted: occational and hear.
Apr 18 23:09 Shauni added to adjectives: old and new.
Apr 18 23:09 Shauni added to unwanted: feet, inches, meters, miles, ton and tons.
Apr 18 23:10 Shauni added to unwanted: almost and nearly.
Apr 18 23:12 Shauni added to adjectives: used and special.
Apr 18 23:12 Shauni added to adjectives: wide.
Apr 18 23:17 Shauni added to adjectives: roaming and coughing.
Apr 18 23:19 Shauni added to unwanted: glancing, gathering, giving, going, building, cleaning, being, making, coming, containing, following, briefly, clearly, extremely, immediately, do, nicely and simply.
Apr 18 23:31 Shauni added to adjectives: crowded, paved, central, overgrown, luxurious, wealthy, skillfull, unpassable, nice, filled, behind, dirty, busy, strong, wooden, fine, good, big, unsteady, pretty, superb, immense, decayed, longer, lined and huge.
Apr 18 23:33 Shauni added to unwanted: yourself.
Apr 18 23:33 Shauni added to adjectives: idle.
Apr 18 23:33 Shauni added to unwanted: chat and both.
Apr 18 23:33 Shauni added to adjectives: straight.
Apr 18 23:35 Shauni added to unwanted: surround, called, though and merges.
Apr 18 23:35 Shauni added to adjectives: satisfied.
Apr 18 23:39 Shauni added to unwanted: located, conceals, might, gathered, known, across, towards, echoes, him, catch, manner, withdraw, deposit, except, interest, further, sell, buy, thicken, comes, indeed, years, hours, minutes, seconds, minute, second, hour, year, month and months.
Apr 18 23:39 Shauni added to adjectives: dense.
Apr 18 23:44 Shauni added to unwanted: gets, becomes, denser, sounds, sound, scream, screams, close, anywhere, then, else, impossible, thank, thanks, sure, come, kind, kinds, does, various, contains, contain, breathe, breathes, without, written, write, give, gives, available, will, trade, trades, reads, read, get, gets and way.
Apr 18 23:47 Shauni removed: skillfull.
Apr 18 23:47 Shauni added to adjectives: skillful.
Apr 18 23:49 Shauni added to unwanted: guess.
Apr 18 23:51 Shauni added to unwanted: even.
Apr 18 23:53 Shauni added to unwanted: trying and occationally.
Apr 18 23:53 Shauni added to adjectives: flying and steaming.
Apr 18 23:55 Shauni added to adjectives: unlucky, thin, magnificent, broken, worthless and narrower.
Apr 19 00:02 Shauni added to unwanted: yuck, hundred, admire, dizzy, move, stay, say, lives, within, proceed and northwest.
Apr 19 00:02 Shauni added to adjectives: dangerous and poor.
Apr 19 22:54 Shauni added to adjectives: excellent and magic.
Apr 19 22:54 Shauni added to unwanted: condition.
Apr 19 23:01 Shauni added to unwanted: respond and responds.
Apr 19 23:11 Shauni added to adjectives: healthy, sparkling and growing.
Apr 21 21:43 Shauni added to adjectives: unclimbable.
Apr 21 21:43 Shauni added to adjectives: stunned.
Apr 21 21:43 Shauni added to adjectives: colourful.
Apr 21 21:44 Shauni added to unwanted: cannot, decide, fail, surely, amount and clear.
Apr 21 21:45 Shauni added to unwanted: getting, sounding, skillfully and witfully.
Apr 21 21:47 Shauni added to unwanted: along, noises, notice, recognize, nearby, before and conclude.
Apr 27 00:37 Shauni added to adjectives: shooting, studying, disgusting, burning, stealing, questing, travelling and smelly.
Apr 27 00:39 Shauni added to unwanted: becoming, entering, breaking, remainging, offering, nr, apparently, eq, pm, vertically, mainly, brightly, magically, incredibly and immensly.
Apr 27 00:41 Shauni added to unwanted: valid, order, today, may, maybe, serve, works, placed, such and shows.
Apr 27 00:41 Shauni added to adjectives: valuable and comfy.
Apr 27 00:42 Shauni added to unwanted: remaining.
Apr 27 00:42 Shauni added to unwanted: thing.
Apr 27 00:43 Shauni added to unwanted: need, repair, sale and between.
Apr 27 00:43 Shauni added to adjectives: open, heated and worn.
Apr 27 00:44 Shauni added to unwanted: advance, int, con, str, dex, quests, solved, unsolved, explored, additional and twoweapon.
Apr 27 00:45 Shauni added to unwanted: commands, cost, would, deposited and held.
Apr 27 00:47 Shauni added to unwanted: level, want, day, night and safe.
Apr 27 00:48 Shauni added to adjectives: tasty and delicious.
Apr 27 00:49 Shauni added to adjectives: little, cosy, tramped, travelled, vast and foul.
Apr 27 00:50 Shauni added to adjectives: mythical, eerie, sturdy and civilized.
Apr 27 00:51 Shauni added to adjectives: impenetrable.
Apr 27 00:51 Shauni added to adjectives: dead.
Apr 27 00:51 Shauni added to unwanted: taken, any, ago, chaos, after, become, realize, dwell and consists.
Apr 27 00:51 Shauni added to adjectives: barred.
Apr 27 00:54 Shauni added to unwanted: stretches.
Apr 27 00:55 Shauni added to unwanted: other, always, reside, who, place, invasion and says.
Apr 27 00:56 Shauni added to adjectives: clever, mystical, deep, ancient and ornated.
Apr 27 00:57 Shauni added to unwanted: continues and time.
Apr 27 00:57 Shauni added to adjectives: famous, peaceful, titanium and ordinary.
Apr 27 00:58 Shauni added to unwanted: live, forces and constant.
Apr 27 01:01 Shauni added to adjectives: uninteresting, hiding, blocking, amazing, thinking, chopping, hovering, drowning, playing, dying and blurring.
Apr 27 01:02 Shauni added to unwanted: foolishly, exactly, suddenly, currently, mostly, quickly and wearing.
Apr 27 01:02 Shauni added to adjectives: messy, dull, hidden and young.
May 26 19:13 Shauni added to unwanted: ii, rudely, ghastly, truly, sadly and thoroughly.
May 26 19:15 Shauni added to adjectives: awful, cruel, horrible, twisted, draped, fearsome and unrecognizable.
May 26 19:17 Shauni added to unwanted: dug, hinting, however, pointing, more, consider, put, grow, possible, shines, tell, seen and never.
May 26 19:17 Shauni added to adjectives: glossy and frail.
May 26 19:18 Shauni added to adjectives: silent, thornless, great and odd.
May 26 19:20 Shauni added to unwanted: densely, holly, merely, obviously and diabolically.
May 26 19:21 Shauni added to adjectives: levitating, summoning, destroying, lying, fighting and waving.
May 26 19:23 Shauni added to unwanted: died, aspects and away.
Aug 26 21:17 Shauni added to unwanted: directly, finally, unusually, totally, intentionally, basically, closely and extraordinarily.
Aug 26 21:19 Shauni added to adjectives: resting, carving, haunting and staring.
Aug 26 21:22 Shauni added to unwanted: peeling, watching, reaching, allowing, starting, doing, detailing and considering.
Aug 26 21:23 Shauni added to adjectives: fraying, waiting, washing and clinching.
Aug 26 21:23 Shauni added to unwanted: creating.
Sep  2 16:07 Shauni added to unwanted: surrounding and laying.
Dec  6 18:52 Shauni added to unwanted: quick, most, concentration and wetter.
Dec  6 18:53 Shauni added to adjectives: smaller.
Dec  6 18:54 Shauni added to adjectives: larger.
Dec  6 18:54 Shauni added to unwanted: others.
Dec  6 18:54 Shauni added to unwanted: fact.
Dec  6 18:54 Shauni added to unwanted: lie.
Dec  6 18:54 Shauni added to unwanted: supports.
Dec  6 18:55 Shauni added to adjectives: writing and rolling.
Dec  6 18:55 Shauni added to unwanted: considerably.
Dec  6 18:56 Shauni added to unwanted: dig and could.
Dec  6 18:56 Shauni added to adjectives: weird.
Dec  6 18:56 Shauni added to unwanted: softer.
Dec  6 18:57 Shauni added to unwanted: surrounds, few, bounded, extends, lies, hop and aren.
Dec  6 18:58 Shauni added to adjectives: grassy, dirt, dried and imprinted.
Dec  6 18:58 Shauni added to unwanted: different.
Dec  6 18:59 Shauni removed: a and dirt.
Dec  6 18:59 Shauni added to unwanted: a.
Dec  6 19:03 Shauni added to unwanted: takes,  and smack.
Dec  6 19:03 Shauni removed: takes,  and smack.
Dec  6 19:03 Shauni added to unwanted: takes and smack.
Dec  6 20:32 Shauni added to unwanted: buried and whatever.
Dec 10 14:35 Khaine added to unwanted: came.
Dec 10 14:58 Khaine added to unwanted: lots.
Dec 10 14:58 Khaine added to unwanted: flows.
Dec 10 15:01 Khaine added to adjectives: plush.
Dec 10 15:07 Khaine added to unwanted: aint.
Dec 10 15:11 Khaine added to unwanted: pull.
Dec 10 15:11 Khaine added to unwanted: goes.
Dec 16 23:19 Shauni added to unwanted: , resembling, presenting, slowly, seemingly, freshly, normally and properly.
Dec 16 23:19 Shauni added to adjectives: chiming, announcing and decaying.
Dec 16 23:19 Shauni added to adjectives: terrifying.
Dec 16 23:19 Shauni added to unwanted: saying.
Dec 16 23:23 Shauni added to adjectives: carved, fresh, desecrated, sacred and scary.
Dec 16 23:24 Shauni added to adjectives: troubled and scattered.
Dec 16 23:24 Shauni added to unwanted: whoever.
Dec 16 23:26 Shauni added to adjectives: rusty, rustles, stained, stronger, habited, inhabited, uninhabited, normal and evil.
Dec 16 23:27 Shauni added to unwanted: lay, collapse, ready, reach, won and anyway.
Dec 16 23:27 Shauni added to unwanted: each and outwards.
Dec 16 23:27 Shauni added to adjectives: closed, bent, lower and locked.
Dec 16 23:28 Shauni added to unwanted: shiver, horror and imagine.
Dec 16 23:30 Shauni added to unwanted: squeeze and able.
Dec 16 23:30 Shauni added to adjectives: abandoned, barren, deserted and smooth.
Dec 16 23:32 Shauni added to unwanted: terror.
Dec 16 23:32 Shauni added to unwanted: thoughts and invite.
Dec 16 23:34 Shauni added to adjectives: gentle and sedated.
Dec 16 23:34 Shauni added to unwanted: senses, near, tranquility, complete, same, whisper, walked and mind.
Dec 16 23:36 Shauni added to adjectives: gray and iron.
Dec 16 23:37 Shauni added to adjectives: lifeless and gloomy.
Dec 16 23:38 Shauni added to unwanted: imagination, raises, fill, moans and peace.
Dec 30 04:03 Shauni added to unwanted: likely, unbelievably and me.
Dec 30 04:04 Shauni added to adjectives: uninviting and whipping.
Dec 30 04:04 Shauni added to adjectives: lush.
Jan  2 17:44 Shauni added to adjectives: streaming, sloping, buzzing, moving, relaxing, guarding, threatening and flickering.
Jan  2 17:45 Shauni added to unwanted: permanently, firmly, tightly, gently and characteristically.
Jan  2 17:46 Shauni added to unwanted: amazingly, constantly, gracefully, roughly, newly and lately.
Jan  2 17:50 Shauni added to unwanted: forcing, sticking, emerging, saturating, keeping, showing and stretching.
Jan  2 17:51 Shauni added to unwanted: sending, impressing, according, living, providing and forming.
Jan  2 17:51 Shauni added to unwanted: bustling, calling, searching, brushing and approaching.
Jan  2 17:53 Shauni added to adjectives: clicking, dancing and working.
Jan  2 17:56 Shauni added to unwanted: shut.
Jan  2 17:56 Shauni added to adjectives: moist.
Jan  2 17:56 Shauni added to adjectives: grey.
Jan  2 17:56 Shauni added to unwanted: bend.
Jan  2 17:57 Shauni added to unwanted: enter and together.
Jan  2 17:57 Shauni added to adjectives: dim and rotten.
Jan  2 17:58 Shauni added to adjectives: eaten, half, fat, skinny, obese, crossed and empty.
Jan  2 17:59 Shauni added to adjectives: extraordinary, slippery and enormous.
Jan  2 17:59 Shauni added to unwanted: philosophical, watering and laid.
Jan  2 18:00 Shauni added to unwanted: exchange, meet, knowledge, themselves, flow and irrigate.
Jan  2 18:03 Shauni added to adjectives: upper, embedded, cultivated, elevated and attached.
Jan 15 11:06 Khaine added to adjectives: humming.
Jan 15 11:07 Khaine added to unwanted: easily.
Jan 15 11:07 Khaine added to adjectives: ugly.
Jan 15 11:12 Khaine added to adjectives: lucky and single.
Jan 15 11:12 Khaine added to adjectives: typical.
May 12 07:25 Khaine added to adjectives: fascinating and refreshing.
Oct 12 18:42 Shauni added to adjectives: disappearing and cracking.
Oct 24 14:20:09 2001 Aziz added to unwanted: emitting, rumbling, facing, flanking, twirling, comfortably, happily, delicately and finely.
